[2018-12-13T17:23:01.241] [INFO] default - Server Started
[2018-12-13T17:23:01.255] [INFO] default - =============> Redis Server Connected Sucessfully <================
[2018-12-13T17:24:03.861] [INFO] default - Server Started
[2018-12-13T17:24:03.876] [INFO] default - =============> Redis Server Connected Sucessfully <================
[2018-12-13T17:24:07.995] [INFO] default - Server Started
[2018-12-13T17:24:08.011] [INFO] default - =============> Redis Server Connected Sucessfully <================
[2018-12-13T17:24:56.897] [INFO] default - Server Started
[2018-12-13T17:24:56.912] [INFO] default - =============> Redis Server Connected Sucessfully <================
[2018-12-13T17:25:14.601] [INFO] default - Server Started
[2018-12-13T17:25:14.615] [INFO] default - =============> Redis Server Connected Sucessfully <================
[2018-12-13T17:29:33.396] [INFO] default - Server Started
[2018-12-13T17:29:33.411] [INFO] default - =============> Redis Server Connected Sucessfully <================
[2018-12-13T17:30:31.607] [INFO] default - Server Started
[2018-12-13T17:30:32.658] [INFO] default - =============> Mongo Server Connected Sucessfully <================
[2018-12-13T17:32:03.437] [INFO] default - Server Started
[2018-12-13T17:32:04.487] [INFO] default - =============> Mongo Server Connected Sucessfully <================
[2018-12-13T17:32:47.777] [INFO] default - Server Started
[2018-12-13T17:32:48.800] [INFO] default - =============> Mongo Server Connected Sucessfully <================
[2018-12-13T17:32:57.694] [INFO] default - Server Started
[2018-12-13T17:32:58.753] [INFO] default - =============> Mongo Server Connected Sucessfully <================
[2018-12-13T17:34:18.966] [INFO] default - Server Started
[2018-12-13T17:34:20.021] [INFO] default - =============> Mongo Server Connected Sucessfully <================
[2018-12-13T17:34:54.365] [INFO] default - Server Started
[2018-12-13T17:34:55.397] [INFO] default - =============> Mongo Server Connected Sucessfully <================
[2018-12-13T17:35:49.023] [INFO] default - Server Started
[2018-12-13T17:35:50.072] [INFO] default - =============> Mongo Server Connected Sucessfully <================
[2018-12-13T17:37:06.983] [INFO] default - Server Started
[2018-12-13T17:37:08.034] [INFO] default - =============> Mongo Server Connected Sucessfully <================
[2018-12-13T17:37:09.098] [INFO] default - Server Started
[2018-12-13T17:37:10.156] [INFO] default - =============> Mongo Server Connected Sucessfully <================
[2018-12-13T17:37:35.015] [INFO] default - Server Started
[2018-12-13T17:37:36.041] [INFO] default - =============> Mongo Server Connected Sucessfully <================
[2018-12-13T17:45:14.211] [INFO] default - Server Started
[2018-12-13T17:45:15.273] [INFO] default - =============> Mongo Server Connected Sucessfully <================
[2018-12-13T17:48:22.450] [INFO] default - Server Started
[2018-12-13T17:48:23.504] [INFO] default - =============> Mongo Server Connected Sucessfully <================
[2018-12-13T17:49:13.650] [INFO] default - Server Started
[2018-12-13T17:49:14.703] [INFO] default - =============> Mongo Server Connected Sucessfully <================
[2018-12-13T17:49:29.746] [INFO] default - Server Started
[2018-12-13T17:49:30.780] [INFO] default - =============> Mongo Server Connected Sucessfully <================
[2018-12-13T17:49:42.888] [INFO] default - Server Started
[2018-12-13T17:49:43.920] [INFO] default - =============> Mongo Server Connected Sucessfully <================
[2018-12-13T17:49:53.086] [INFO] default - Server Started
[2018-12-13T17:49:54.144] [INFO] default - =============> Mongo Server Connected Sucessfully <================
[2018-12-13T17:51:01.322] [INFO] default - Server Started
[2018-12-13T17:51:02.370] [INFO] default - =============> Mongo Server Connected Sucessfully <================
[2018-12-13T17:51:15.437] [INFO] default - Server Started
[2018-12-13T17:51:16.482] [INFO] default - =============> Mongo Server Connected Sucessfully <================
[2018-12-13T17:52:26.622] [INFO] default - Server Started
[2018-12-13T17:52:27.672] [INFO] default - =============> Mongo Server Connected Sucessfully <================
[2018-12-13T17:52:35.422] [INFO] default - Server Started
[2018-12-13T17:52:36.484] [INFO] default - =============> Mongo Server Connected Sucessfully <================
[2018-12-13T17:53:33.473] [INFO] default - Server Started
[2018-12-13T17:53:34.505] [INFO] default - =============> Mongo Server Connected Sucessfully <================
[2018-12-13T17:53:54.106] [INFO] default - Server Started
[2018-12-13T17:53:55.130] [INFO] default - =============> Mongo Server Connected Sucessfully <================
[2018-12-13T17:55:38.334] [INFO] default - Server Started
[2018-12-13T17:55:39.392] [INFO] default - =============> Mongo Server Connected Sucessfully <================
[2018-12-13T17:56:59.187] [INFO] default - Server Started
[2018-12-13T17:57:00.237] [INFO] default - =============> Mongo Server Connected Sucessfully <================
[2018-12-13T17:57:04.400] [INFO] default - Server Started
[2018-12-13T17:57:05.421] [INFO] default - =============> Mongo Server Connected Sucessfully <================
[2018-12-13T17:57:38.514] [INFO] default - Server Started
[2018-12-13T17:57:39.538] [INFO] default - =============> Mongo Server Connected Sucessfully <================
[2018-12-13T17:59:12.779] [INFO] default - Server Started
[2018-12-13T17:59:13.810] [INFO] default - =============> Mongo Server Connected Sucessfully <================
[2018-12-13T17:59:22.290] [INFO] default - Server Started
[2018-12-13T17:59:23.333] [INFO] default - =============> Mongo Server Connected Sucessfully <================
[2018-12-13T18:00:17.948] [INFO] default - Server Started
[2018-12-13T18:00:18.972] [INFO] default - =============> Mongo Server Connected Sucessfully <================
[2018-12-13T18:01:56.324] [INFO] default - Server Started
[2018-12-13T18:01:57.363] [INFO] default - =============> Mongo Server Connected Sucessfully <================
[2018-12-13T18:02:06.278] [INFO] default - Server Started
[2018-12-13T18:02:07.324] [INFO] default - =============> Mongo Server Connected Sucessfully <================
[2018-12-13T18:03:17.214] [INFO] default - Server Started
[2018-12-13T18:03:18.262] [INFO] default - =============> Mongo Server Connected Sucessfully <================
[2018-12-13T18:04:37.997] [INFO] default - Server Started
[2018-12-13T18:04:39.046] [INFO] default - =============> Mongo Server Connected Sucessfully <================
[2018-12-13T18:04:48.840] [INFO] default - Server Started
[2018-12-13T18:04:49.879] [INFO] default - =============> Mongo Server Connected Sucessfully <================
[2018-12-13T18:05:43.026] [INFO] default - Server Started
[2018-12-13T18:05:44.048] [INFO] default - =============> Mongo Server Connected Sucessfully <================
[2018-12-13T18:06:59.184] [INFO] default - Server Started
[2018-12-13T18:07:00.234] [INFO] default - =============> Mongo Server Connected Sucessfully <================
[2018-12-14T09:52:11.940] [INFO] default - Server Started
[2018-12-14T09:52:12.994] [INFO] default - =============> Mongo Server Connected Sucessfully <================
[2018-12-14T09:53:51.258] [ERROR] default - Error While Making Session For Login API Endpoint
[2018-12-14T09:54:42.433] [INFO] default - Server Started
[2018-12-14T09:54:43.466] [INFO] default - =============> Mongo Server Connected Sucessfully <================
[2018-12-14T09:54:51.263] [ERROR] default - Error While Making Session For Login API Endpoint
[2018-12-14T09:55:54.000] [ERROR] default - Error While Making Session For Login API Endpoint
[2018-12-14T09:56:30.029] [INFO] default - =============> Mongo Server Connected Sucessfully <================
[2018-12-14T09:57:20.875] [INFO] default - Server Started
[2018-12-14T09:57:21.923] [INFO] default - =============> Mongo Server Connected Sucessfully <================
[2018-12-14T09:58:05.192] [ERROR] default - Error While Making Session For Login API Endpoint
[2018-12-14T09:58:42.089] [INFO] default - Server Started
[2018-12-14T09:58:43.113] [INFO] default - =============> Mongo Server Connected Sucessfully <================
[2018-12-14T10:01:09.994] [INFO] default - Server Started
[2018-12-14T10:01:11.049] [INFO] default - =============> Mongo Server Connected Sucessfully <================
[2018-12-14T10:02:29.503] [INFO] default - Server Started
[2018-12-14T10:02:30.543] [INFO] default - =============> Mongo Server Connected Sucessfully <================
[2018-12-14T10:03:52.732] [INFO] default - Server Started
[2018-12-14T10:03:53.781] [INFO] default - =============> Mongo Server Connected Sucessfully <================
[2018-12-14T10:04:43.169] [INFO] default - Server Started
[2018-12-14T10:04:44.218] [INFO] default - =============> Mongo Server Connected Sucessfully <================
[2018-12-14T10:06:07.519] [INFO] default - Server Started
[2018-12-14T10:06:08.541] [INFO] default - =============> Mongo Server Connected Sucessfully <================
[2018-12-14T10:07:05.422] [INFO] default - Sucessfully Cached Data in MongoDB
[2018-12-14T10:08:10.684] [INFO] default - Server Started
[2018-12-14T10:08:11.720] [INFO] default - =============> Mongo Server Connected Sucessfully <================
[2018-12-14T10:08:46.909] [INFO] default - Server Started
[2018-12-14T10:08:47.942] [INFO] default - =============> Mongo Server Connected Sucessfully <================
[2018-12-14T10:09:02.849] [INFO] default - Server Started
[2018-12-14T10:09:03.909] [INFO] default - =============> Mongo Server Connected Sucessfully <================
[2018-12-14T10:09:18.899] [ERROR] default - Error While Making Session For Login API Endpoint
[2018-12-14T10:10:48.556] [INFO] default - Server Started
[2018-12-14T10:10:49.612] [INFO] default - =============> Mongo Server Connected Sucessfully <================
[2018-12-14T10:10:53.638] [ERROR] default - Error While Making Session For Login API Endpoint
[2018-12-14T10:11:13.301] [INFO] default - Server Started
[2018-12-14T10:11:14.329] [INFO] default - =============> Mongo Server Connected Sucessfully <================
[2018-12-14T10:13:34.842] [INFO] default - Server Started
[2018-12-14T10:13:35.891] [INFO] default - =============> Mongo Server Connected Sucessfully <================
[2018-12-14T10:15:45.125] [INFO] default - Server Started
[2018-12-14T10:15:46.185] [INFO] default - =============> Mongo Server Connected Sucessfully <================
[2018-12-14T10:15:55.944] [INFO] default - Server Started
[2018-12-14T10:15:56.979] [INFO] default - =============> Mongo Server Connected Sucessfully <================
[2018-12-14T10:16:40.315] [INFO] default - Server Started
[2018-12-14T10:16:41.363] [INFO] default - =============> Mongo Server Connected Sucessfully <================
[2018-12-14T10:17:00.245] [INFO] default - Server Started
[2018-12-14T10:17:01.285] [INFO] default - =============> Mongo Server Connected Sucessfully <================
[2018-12-14T10:18:10.279] [INFO] default - Server Started
[2018-12-14T10:18:11.306] [INFO] default - =============> Mongo Server Connected Sucessfully <================
[2018-12-14T10:20:25.909] [INFO] default - Server Started
[2018-12-14T10:20:26.949] [INFO] default - =============> Mongo Server Connected Sucessfully <================
[2018-12-14T10:20:50.731] [INFO] default - Server Started
[2018-12-14T10:20:51.794] [INFO] default - =============> Mongo Server Connected Sucessfully <================
[2018-12-14T10:22:31.509] [INFO] default - Server Started
[2018-12-14T10:22:32.563] [INFO] default - =============> Mongo Server Connected Sucessfully <================
[2018-12-14T10:29:44.239] [INFO] default - Server Started
[2018-12-14T10:29:45.290] [INFO] default - =============> Mongo Server Connected Sucessfully <================
[2018-12-14T10:33:07.828] [INFO] default - Server Started
[2018-12-14T10:33:08.881] [INFO] default - =============> Mongo Server Connected Sucessfully <================
[2018-12-14T10:34:24.559] [INFO] default - Server Started
[2018-12-14T10:34:25.585] [INFO] default - =============> Mongo Server Connected Sucessfully <================
[2018-12-14T10:36:24.576] [INFO] default - Server Started
[2018-12-14T10:36:25.605] [INFO] default - =============> Mongo Server Connected Sucessfully <================
[2018-12-14T10:38:31.415] [INFO] default - Server Started
[2018-12-14T10:38:32.458] [INFO] default - =============> Mongo Server Connected Sucessfully <================
[2018-12-14T10:39:36.711] [INFO] default - Server Started
[2018-12-14T10:39:37.758] [INFO] default - =============> Mongo Server Connected Sucessfully <================
[2018-12-14T10:41:06.846] [INFO] default - Server Started
[2018-12-14T10:41:07.896] [INFO] default - =============> Mongo Server Connected Sucessfully <================
[2018-12-14T10:41:37.535] [INFO] default - Server Started
[2018-12-14T10:41:38.584] [INFO] default - =============> Mongo Server Connected Sucessfully <================
[2018-12-14T10:43:26.248] [INFO] default - Server Started
[2018-12-14T10:43:27.278] [INFO] default - =============> Mongo Server Connected Sucessfully <================
[2018-12-14T10:44:14.332] [INFO] default - Server Started
[2018-12-14T10:44:15.382] [INFO] default - =============> Mongo Server Connected Sucessfully <================
[2018-12-14T10:45:24.220] [INFO] default - Server Started
[2018-12-14T10:45:25.281] [INFO] default - =============> Mongo Server Connected Sucessfully <================
[2018-12-14T10:45:30.850] [INFO] default - Server Started
[2018-12-14T10:45:31.872] [INFO] default - =============> Mongo Server Connected Sucessfully <================
[2018-12-14T10:45:47.266] [INFO] default - Server Started
[2018-12-14T10:45:48.291] [INFO] default - =============> Mongo Server Connected Sucessfully <================
[2018-12-14T10:46:41.135] [INFO] default - Server Started
[2018-12-14T10:46:42.191] [INFO] default - =============> Mongo Server Connected Sucessfully <================
[2018-12-14T10:47:11.893] [INFO] default - Server Started
[2018-12-14T10:47:12.923] [INFO] default - =============> Mongo Server Connected Sucessfully <================
[2018-12-14T10:47:57.151] [INFO] default - Server Started
[2018-12-14T10:47:58.198] [INFO] default - =============> Mongo Server Connected Sucessfully <================
[2018-12-14T10:48:06.177] [INFO] default - Server Started
[2018-12-14T10:48:07.206] [INFO] default - =============> Mongo Server Connected Sucessfully <================
[2018-12-14T10:48:47.486] [INFO] default - Server Started
[2018-12-14T10:48:48.514] [INFO] default - =============> Mongo Server Connected Sucessfully <================
[2018-12-14T10:49:32.968] [INFO] default - Server Started
[2018-12-14T10:49:34.020] [INFO] default - =============> Mongo Server Connected Sucessfully <================
[2018-12-14T10:50:44.901] [INFO] default - Server Started
[2018-12-14T10:50:45.956] [INFO] default - =============> Mongo Server Connected Sucessfully <================
[2018-12-14T10:52:14.723] [INFO] default - Server Started
[2018-12-14T10:52:15.782] [INFO] default - =============> Mongo Server Connected Sucessfully <================
[2018-12-14T10:55:15.254] [INFO] default - Server Started
[2018-12-14T10:55:16.312] [INFO] default - =============> Mongo Server Connected Sucessfully <================
[2018-12-14T10:55:27.429] [INFO] default - Server Started
[2018-12-14T10:55:28.451] [INFO] default - =============> Mongo Server Connected Sucessfully <================
[2018-12-14T10:58:30.539] [INFO] default - Server Started
[2018-12-14T10:58:31.589] [INFO] default - =============> Mongo Server Connected Sucessfully <================
[2018-12-14T10:58:37.663] [INFO] default - Ticket Genrated Sucessfully For User11003
[2018-12-14T10:59:04.086] [INFO] default - Server Started
[2018-12-14T10:59:05.139] [INFO] default - =============> Mongo Server Connected Sucessfully <================
[2018-12-14T10:59:40.289] [INFO] default - Server Started
[2018-12-14T10:59:41.329] [INFO] default - =============> Mongo Server Connected Sucessfully <================
[2018-12-14T11:00:33.008] [INFO] default - Server Started
[2018-12-14T11:00:34.042] [INFO] default - =============> Mongo Server Connected Sucessfully <================
[2018-12-14T11:00:55.293] [INFO] default - Ticket Genrated Sucessfully For User11003
[2018-12-14T11:01:46.487] [INFO] default - Server Started
[2018-12-14T11:01:47.537] [INFO] default - =============> Mongo Server Connected Sucessfully <================
[2018-12-14T11:01:51.877] [INFO] default - Ticket Genrated Sucessfully For User11003
[2018-12-14T11:02:52.126] [INFO] default - Server Started
[2018-12-14T11:02:53.173] [INFO] default - =============> Mongo Server Connected Sucessfully <================
[2018-12-14T11:02:56.813] [INFO] default - Ticket Genrated Sucessfully For User11003
[2018-12-14T11:03:20.970] [INFO] default - Server Started
[2018-12-14T11:03:22.018] [INFO] default - =============> Mongo Server Connected Sucessfully <================
[2018-12-14T11:03:47.100] [INFO] default - Ticket Genrated Sucessfully For User11003
[2018-12-14T11:04:43.765] [INFO] default - Server Started
[2018-12-14T11:04:44.826] [INFO] default - =============> Mongo Server Connected Sucessfully <================
[2018-12-14T11:04:48.832] [INFO] default - Ticket Genrated Sucessfully For User11003
[2018-12-14T11:05:37.944] [INFO] default - Server Started
[2018-12-14T11:05:38.992] [INFO] default - =============> Mongo Server Connected Sucessfully <================
[2018-12-14T11:05:45.162] [INFO] default - Ticket Genrated Sucessfully For User11003
[2018-12-14T11:06:31.627] [INFO] default - Server Started
[2018-12-14T11:06:32.686] [INFO] default - =============> Mongo Server Connected Sucessfully <================
[2018-12-14T11:06:38.286] [INFO] default - Ticket Genrated Sucessfully For User11003
[2018-12-14T11:06:38.287] [ERROR] default - Error While Reading Certificates
[2018-12-14T11:06:38.287] [ERROR] default - Error While Reading Certificates
[2018-12-14T11:06:38.288] [ERROR] default - Error While Reading Certificates
[2018-12-14T11:06:55.890] [INFO] default - Server Started
[2018-12-14T11:06:56.933] [INFO] default - =============> Mongo Server Connected Sucessfully <================
[2018-12-14T11:06:59.134] [INFO] default - Ticket Genrated Sucessfully For User11003
[2018-12-14T11:08:03.295] [INFO] default - Server Started
[2018-12-14T11:08:04.349] [INFO] default - =============> Mongo Server Connected Sucessfully <================
[2018-12-14T11:08:28.636] [INFO] default - Server Started
[2018-12-14T11:08:29.690] [INFO] default - =============> Mongo Server Connected Sucessfully <================
[2018-12-14T11:08:33.543] [INFO] default - Ticket Genrated Sucessfully For User11003
[2018-12-14T11:10:38.099] [INFO] default - Server Started
[2018-12-14T11:10:39.151] [INFO] default - =============> Mongo Server Connected Sucessfully <================
[2018-12-14T11:10:49.184] [INFO] default - Ticket Genrated Sucessfully For User11003
[2018-12-14T11:11:27.884] [INFO] default - Server Started
[2018-12-14T11:11:28.915] [INFO] default - =============> Mongo Server Connected Sucessfully <================
[2018-12-14T11:11:31.072] [INFO] default - Ticket Genrated Sucessfully For User11003
[2018-12-14T11:13:00.628] [INFO] default - Server Started
[2018-12-14T11:13:01.678] [INFO] default - =============> Mongo Server Connected Sucessfully <================
[2018-12-14T11:14:31.829] [INFO] default - Server Started
[2018-12-14T11:14:32.880] [INFO] default - =============> Mongo Server Connected Sucessfully <================
[2018-12-14T11:14:45.615] [INFO] default - Sucessfully Cached Data in MongoDB
[2018-12-14T11:16:05.304] [INFO] default - Server Started
[2018-12-14T11:16:06.355] [INFO] default - =============> Mongo Server Connected Sucessfully <================
[2018-12-14T11:17:28.978] [INFO] default - Server Started
[2018-12-14T11:17:30.019] [INFO] default - =============> Mongo Server Connected Sucessfully <================
[2018-12-14T11:17:36.195] [INFO] default - Ticket Genrated Sucessfully For User11003
[2018-12-14T11:19:05.938] [INFO] default - Server Started
[2018-12-14T11:19:06.988] [INFO] default - =============> Mongo Server Connected Sucessfully <================
[2018-12-14T11:19:11.971] [INFO] default - Ticket Genrated Sucessfully For User11003
[2018-12-14T11:20:13.452] [INFO] default - Server Started
[2018-12-14T11:20:14.502] [INFO] default - =============> Mongo Server Connected Sucessfully <================
[2018-12-14T11:20:16.615] [INFO] default - Ticket Genrated Sucessfully For User11003
[2018-12-14T11:20:24.827] [INFO] default - Server Started
[2018-12-14T11:20:25.889] [INFO] default - =============> Mongo Server Connected Sucessfully <================
[2018-12-14T11:20:46.928] [INFO] default - Server Started
[2018-12-14T11:20:47.957] [INFO] default - =============> Mongo Server Connected Sucessfully <================
[2018-12-14T11:21:50.416] [INFO] default - Server Started
[2018-12-14T11:21:51.460] [INFO] default - =============> Mongo Server Connected Sucessfully <================
[2018-12-14T11:22:36.766] [INFO] default - Server Started
[2018-12-14T11:22:37.832] [INFO] default - =============> Mongo Server Connected Sucessfully <================
[2018-12-14T11:23:08.546] [INFO] default - Ticket Genrated Sucessfully For User11003
[2018-12-14T11:25:17.912] [INFO] default - Server Started
[2018-12-14T11:25:18.972] [INFO] default - =============> Mongo Server Connected Sucessfully <================
[2018-12-14T11:25:22.594] [INFO] default - Ticket Genrated Sucessfully For User11003
[2018-12-14T11:26:51.190] [INFO] default - Server Started
[2018-12-14T11:26:52.242] [INFO] default - =============> Mongo Server Connected Sucessfully <================
[2018-12-14T11:27:10.673] [INFO] default - Server Started
[2018-12-14T11:27:11.736] [INFO] default - =============> Mongo Server Connected Sucessfully <================
[2018-12-14T11:27:13.726] [INFO] default - Server Started
[2018-12-14T11:27:14.766] [INFO] default - =============> Mongo Server Connected Sucessfully <================
[2018-12-14T11:27:19.961] [INFO] default - Ticket Genrated Sucessfully For User11003
[2018-12-14T11:27:42.726] [INFO] default - Server Started
[2018-12-14T11:27:43.771] [INFO] default - =============> Mongo Server Connected Sucessfully <================
[2018-12-14T11:28:15.582] [INFO] default - Server Started
[2018-12-14T11:28:16.634] [INFO] default - =============> Mongo Server Connected Sucessfully <================
[2018-12-14T11:28:31.135] [INFO] default - Server Started
[2018-12-14T11:28:32.168] [INFO] default - =============> Mongo Server Connected Sucessfully <================
[2018-12-14T11:28:40.973] [INFO] default - Ticket Genrated Sucessfully For User11003
[2018-12-14T11:29:26.595] [INFO] default - Server Started
[2018-12-14T11:29:27.645] [INFO] default - =============> Mongo Server Connected Sucessfully <================
[2018-12-14T11:29:31.397] [INFO] default - Ticket Genrated Sucessfully For User11003
[2018-12-14T11:30:19.903] [INFO] default - Server Started
[2018-12-14T11:30:20.931] [INFO] default - =============> Mongo Server Connected Sucessfully <================
[2018-12-14T11:30:22.873] [INFO] default - Ticket Genrated Sucessfully For User11003
[2018-12-14T11:31:01.305] [INFO] default - Server Started
[2018-12-14T11:31:02.358] [INFO] default - =============> Mongo Server Connected Sucessfully <================
[2018-12-14T11:31:05.695] [INFO] default - Ticket Genrated Sucessfully For User11003
[2018-12-14T11:32:09.327] [INFO] default - Server Started
[2018-12-14T11:32:10.375] [INFO] default - =============> Mongo Server Connected Sucessfully <================
[2018-12-14T11:32:14.695] [INFO] default - Ticket Genrated Sucessfully For User11003
[2018-12-14T11:32:36.465] [INFO] default - Server Started
[2018-12-14T11:32:37.515] [INFO] default - =============> Mongo Server Connected Sucessfully <================
[2018-12-14T11:32:39.932] [INFO] default - Ticket Genrated Sucessfully For User11003
[2018-12-14T11:34:44.343] [INFO] default - Server Started
[2018-12-14T11:34:45.369] [INFO] default - =============> Mongo Server Connected Sucessfully <================
[2018-12-14T11:36:58.931] [INFO] default - Server Started
[2018-12-14T11:36:59.990] [INFO] default - =============> Mongo Server Connected Sucessfully <================
[2018-12-14T11:37:25.150] [INFO] default - Server Started
[2018-12-14T11:37:26.203] [INFO] default - =============> Mongo Server Connected Sucessfully <================
[2018-12-14T11:37:34.688] [INFO] default - Server Started
[2018-12-14T11:37:35.747] [INFO] default - =============> Mongo Server Connected Sucessfully <================
[2018-12-14T11:37:47.589] [INFO] default - Server Started
[2018-12-14T11:37:48.647] [INFO] default - =============> Mongo Server Connected Sucessfully <================
[2018-12-14T11:38:01.700] [INFO] default - Server Started
[2018-12-14T11:38:02.754] [INFO] default - =============> Mongo Server Connected Sucessfully <================
[2018-12-14T11:38:12.580] [INFO] default - Ticket Genrated Sucessfully For User11003
[2018-12-14T11:38:30.925] [INFO] default - Ticket Genrated Sucessfully For User010739
[2018-12-14T11:38:48.082] [INFO] default - Ticket Genrated Sucessfully For User11003
[2018-12-14T11:42:50.518] [INFO] default - Server Started
[2018-12-14T11:42:51.571] [INFO] default - =============> Mongo Server Connected Sucessfully <================
[2018-12-14T11:43:08.769] [INFO] default - Ticket Genrated Sucessfully For User11003
[2018-12-14T11:44:19.283] [INFO] default - Server Started
[2018-12-14T11:44:20.305] [INFO] default - =============> Mongo Server Connected Sucessfully <================
[2018-12-14T11:47:49.780] [INFO] default - Server Started
[2018-12-14T11:47:50.840] [INFO] default - =============> Mongo Server Connected Sucessfully <================
[2018-12-14T11:47:58.780] [INFO] default - Server Started
[2018-12-14T11:47:59.818] [INFO] default - =============> Mongo Server Connected Sucessfully <================
[2018-12-14T11:48:45.539] [INFO] default - Server Started
[2018-12-14T11:48:46.576] [INFO] default - =============> Mongo Server Connected Sucessfully <================
[2018-12-14T11:49:00.885] [INFO] default - Server Started
[2018-12-14T11:49:01.910] [INFO] default - =============> Mongo Server Connected Sucessfully <================
[2018-12-14T11:49:18.594] [INFO] default - Generic Server Started
[2018-12-14T11:49:19.649] [INFO] default - =============> Mongo Server Connected Sucessfully <================
[2018-12-14T11:49:21.824] [INFO] default - Generic Server Started
[2018-12-14T11:49:22.848] [INFO] default - =============> Mongo Server Connected Sucessfully <================
[2018-12-14T11:49:28.974] [ERROR] default - "[HomeComponent] --> [scrollToBottom()] --> {}"
[2018-12-14T11:49:31.608] [INFO] default - Ticket Genrated Sucessfully For User11003
[2018-12-14T11:50:17.511] [ERROR] default - "[HomeComponent] --> [scrollToBottom()] --> {}"
[2018-12-14T11:50:19.112] [INFO] default - Ticket Genrated Sucessfully For User11003
[2018-12-14T11:50:57.779] [ERROR] default - "[HomeComponent] --> [scrollToBottom()] --> {}"
[2018-12-14T11:50:57.782] [ERROR] default - "[HomeComponent] --> [scrollToBottom()] --> {}"
[2018-12-14T11:50:57.791] [ERROR] default - "[HomeComponent] --> [scrollToBottom()] --> {}"
[2018-12-14T11:51:01.013] [ERROR] default - "[HomeComponent] --> [scrollToBottom()] --> {}"
[2018-12-14T11:51:02.375] [INFO] default - Ticket Genrated Sucessfully For User11003
[2018-12-14T11:51:37.769] [ERROR] default - "[HomeComponent] --> [scrollToBottom()] --> {}"
[2018-12-14T11:52:23.433] [INFO] default - Generic Server Started
[2018-12-14T11:52:23.669] [ERROR] default - "[HomeComponent] --> [scrollToBottom()] --> {}"
[2018-12-14T11:52:23.671] [ERROR] default - "[HomeComponent] --> [scrollToBottom()] --> {}"
[2018-12-14T11:52:23.671] [ERROR] default - "[HomeComponent] --> [scrollToBottom()] --> {}"
[2018-12-14T11:52:23.672] [ERROR] default - "[HomeComponent] --> [scrollToBottom()] --> {}"
[2018-12-14T11:52:24.485] [INFO] default - =============> Mongo Server Connected Sucessfully <================
[2018-12-14T11:52:28.248] [INFO] default - Ticket Genrated Sucessfully For User11003
[2018-12-14T12:14:53.509] [INFO] default - Generic Server Started
[2018-12-14T12:14:54.534] [INFO] default - =============> Mongo Server Connected Sucessfully <================
[2018-12-14T12:15:44.287] [ERROR] default - "[HomeComponent] --> [scrollToBottom()] --> {}"
[2018-12-14T12:15:45.633] [INFO] default - Ticket Genrated Sucessfully For User11003
[2018-12-14T12:32:52.892] [INFO] default - Generic Server Started
[2018-12-14T12:32:53.929] [INFO] default - =============> Mongo Server Connected Sucessfully <================
[2018-12-14T12:32:56.118] [ERROR] default - "[HomeComponent] --> [scrollToBottom()] --> {}"
[2018-12-14T12:32:58.961] [INFO] default - Ticket Genrated Sucessfully For User11003
[2018-12-14T12:34:56.126] [ERROR] default - "[HomeComponent] --> [scrollToBottom()] --> {}"
[2018-12-14T12:35:39.899] [ERROR] default - "[HomeComponent] --> [scrollToBottom()] --> {}"
[2018-12-14T12:35:39.901] [ERROR] default - "[HomeComponent] --> [scrollToBottom()] --> {}"
[2018-12-14T12:35:39.907] [ERROR] default - "[HomeComponent] --> [scrollToBottom()] --> {}"
[2018-12-14T12:39:39.144] [ERROR] default - "[HomeComponent] --> [scrollToBottom()] --> {}"
[2018-12-14T12:40:30.199] [ERROR] default - "[HomeComponent] --> [scrollToBottom()] --> {}"
[2018-12-14T12:41:45.067] [ERROR] default - "[HomeComponent] --> [scrollToBottom()] --> {}"
[2018-12-14T12:42:37.675] [ERROR] default - "[HomeComponent] --> [scrollToBottom()] --> {}"
[2018-12-14T12:43:32.436] [ERROR] default - "[HomeComponent] --> [scrollToBottom()] --> {}"
[2018-12-14T12:44:05.561] [ERROR] default - "[HomeComponent] --> [scrollToBottom()] --> {}"
[2018-12-14T12:44:55.113] [ERROR] default - "[HomeComponent] --> [scrollToBottom()] --> {}"
[2018-12-14T12:45:59.000] [ERROR] default - "[HomeComponent] --> [scrollToBottom()] --> {}"
[2018-12-14T12:46:13.009] [INFO] default - Ticket Genrated Sucessfully For User11003
[2018-12-14T12:46:35.799] [ERROR] default - "[HomeComponent] --> [scrollToBottom()] --> {}"
[2018-12-14T12:46:35.800] [ERROR] default - "[HomeComponent] --> [scrollToBottom()] --> {}"
[2018-12-14T12:46:35.813] [ERROR] default - "[HomeComponent] --> [scrollToBottom()] --> {}"
[2018-12-14T12:46:37.069] [ERROR] default - "[HomeComponent] --> [scrollToBottom()] --> {}"
[2018-12-14T12:46:53.125] [ERROR] default - "[HomeComponent] --> [scrollToBottom()] --> {}"
[2018-12-14T12:48:51.863] [ERROR] default - "[HomeComponent] --> [scrollToBottom()] --> {}"
[2018-12-14T12:49:05.464] [INFO] default - Ticket Genrated Sucessfully For User11003
[2018-12-14T12:50:51.877] [ERROR] default - "[HomeComponent] --> [scrollToBottom()] --> {}"
[2018-12-14T12:54:36.623] [ERROR] default - "[HomeComponent] --> [scrollToBottom()] --> {}"
[2018-12-14T12:54:40.605] [INFO] default - Ticket Genrated Sucessfully For User11003
[2018-12-14T12:55:06.200] [ERROR] default - "[HomeComponent] --> [scrollToBottom()] --> {}"
[2018-12-14T12:55:06.203] [ERROR] default - "[HomeComponent] --> [scrollToBottom()] --> {}"
[2018-12-14T12:55:06.216] [ERROR] default - "[HomeComponent] --> [scrollToBottom()] --> {}"
[2018-12-14T12:55:18.481] [ERROR] default - "[HomeComponent] --> [scrollToBottom()] --> {}"
[2018-12-14T12:55:20.519] [INFO] default - Ticket Genrated Sucessfully For User11003
[2018-12-14T12:57:18.485] [ERROR] default - "[HomeComponent] --> [scrollToBottom()] --> {}"
[2018-12-14T13:04:07.954] [ERROR] default - "[HomeComponent] --> [scrollToBottom()] --> {}"
[2018-12-14T13:04:07.955] [ERROR] default - "[HomeComponent] --> [scrollToBottom()] --> {}"
[2018-12-14T13:04:07.964] [ERROR] default - "[HomeComponent] --> [scrollToBottom()] --> {}"
[2018-12-14T13:04:09.569] [ERROR] default - "[HomeComponent] --> [scrollToBottom()] --> {}"
[2018-12-14T13:04:18.633] [INFO] default - Ticket Genrated Sucessfully For User11003
[2018-12-14T13:05:29.690] [ERROR] default - "[HomeComponent] --> [scrollToBottom()] --> {}"
[2018-12-14T13:05:29.692] [ERROR] default - "[HomeComponent] --> [scrollToBottom()] --> {}"
[2018-12-14T13:06:04.594] [ERROR] default - "[HomeComponent] --> [scrollToBottom()] --> {}"
[2018-12-14T13:06:07.724] [INFO] default - Ticket Genrated Sucessfully For User11003
[2018-12-14T13:07:53.677] [ERROR] default - "[HomeComponent] --> [scrollToBottom()] --> {}"
[2018-12-14T13:07:53.683] [ERROR] default - "[HomeComponent] --> [scrollToBottom()] --> {}"
[2018-12-14T13:08:04.603] [ERROR] default - "[HomeComponent] --> [scrollToBottom()] --> {}"
[2018-12-14T13:08:25.082] [ERROR] default - "[HomeComponent] --> [scrollToBottom()] --> {}"
[2018-12-14T13:08:26.705] [ERROR] default - "[HomeComponent] --> [scrollToBottom()] --> {}"
[2018-12-14T13:08:27.685] [ERROR] default - "[HomeComponent] --> [scrollToBottom()] --> {}"
[2018-12-14T13:08:34.074] [ERROR] default - "[HomeComponent] --> [scrollToBottom()] --> {}"
[2018-12-14T13:08:34.079] [ERROR] default - "[HomeComponent] --> [scrollToBottom()] --> {}"
[2018-12-14T13:08:34.082] [ERROR] default - "[HomeComponent] --> [scrollToBottom()] --> {}"
[2018-12-14T13:08:36.518] [ERROR] default - "[HomeComponent] --> [scrollToBottom()] --> {}"
[2018-12-14T13:08:40.884] [INFO] default - Ticket Genrated Sucessfully For User11003
[2018-12-14T13:09:35.485] [ERROR] default - "[HomeComponent] --> [scrollToBottom()] --> {}"
[2018-12-14T13:09:35.496] [ERROR] default - "[HomeComponent] --> [scrollToBottom()] --> {}"
[2018-12-14T13:09:35.498] [ERROR] default - "[HomeComponent] --> [scrollToBottom()] --> {}"
[2018-12-14T13:09:42.169] [ERROR] default - "[HomeComponent] --> [scrollToBottom()] --> {}"
[2018-12-14T13:09:44.617] [INFO] default - Ticket Genrated Sucessfully For User11003
[2018-12-14T13:10:22.586] [ERROR] default - "[HomeComponent] --> [scrollToBottom()] --> {}"
[2018-12-14T13:10:36.525] [ERROR] default - "[HomeComponent] --> [scrollToBottom()] --> {}"
[2018-12-14T13:11:35.495] [ERROR] default - "[HomeComponent] --> [scrollToBottom()] --> {}"
[2018-12-14T13:11:35.506] [ERROR] default - "[HomeComponent] --> [scrollToBottom()] --> {}"
[2018-12-14T13:11:35.508] [ERROR] default - "[HomeComponent] --> [scrollToBottom()] --> {}"
[2018-12-14T13:11:42.210] [ERROR] default - "[HomeComponent] --> [scrollToBottom()] --> {}"
[2018-12-14T13:12:22.595] [ERROR] default - "[HomeComponent] --> [scrollToBottom()] --> {}"
[2018-12-14T13:12:36.534] [ERROR] default - "[HomeComponent] --> [scrollToBottom()] --> {}"
[2018-12-14T13:13:35.503] [ERROR] default - "[HomeComponent] --> [scrollToBottom()] --> {}"
[2018-12-14T13:13:35.517] [ERROR] default - "[HomeComponent] --> [scrollToBottom()] --> {}"
[2018-12-14T13:13:35.558] [ERROR] default - "[HomeComponent] --> [scrollToBottom()] --> {}"
[2018-12-14T13:13:42.215] [ERROR] default - "[HomeComponent] --> [scrollToBottom()] --> {}"
[2018-12-14T13:14:22.602] [ERROR] default - "[HomeComponent] --> [scrollToBottom()] --> {}"
[2018-12-14T13:14:36.542] [ERROR] default - "[HomeComponent] --> [scrollToBottom()] --> {}"
[2018-12-14T13:15:35.512] [ERROR] default - "[HomeComponent] --> [scrollToBottom()] --> {}"
[2018-12-14T13:15:35.526] [ERROR] default - "[HomeComponent] --> [scrollToBottom()] --> {}"
[2018-12-14T13:15:35.562] [ERROR] default - "[HomeComponent] --> [scrollToBottom()] --> {}"
[2018-12-14T13:15:42.224] [ERROR] default - "[HomeComponent] --> [scrollToBottom()] --> {}"
[2018-12-14T13:16:22.611] [ERROR] default - "[HomeComponent] --> [scrollToBottom()] --> {}"
[2018-12-14T13:16:36.550] [ERROR] default - "[HomeComponent] --> [scrollToBottom()] --> {}"
[2018-12-14T13:17:35.521] [ERROR] default - "[HomeComponent] --> [scrollToBottom()] --> {}"
[2018-12-14T13:17:35.534] [ERROR] default - "[HomeComponent] --> [scrollToBottom()] --> {}"
[2018-12-14T13:17:35.568] [ERROR] default - "[HomeComponent] --> [scrollToBottom()] --> {}"
[2018-12-14T13:17:42.299] [ERROR] default - "[HomeComponent] --> [scrollToBottom()] --> {}"
[2018-12-14T13:18:22.702] [ERROR] default - "[HomeComponent] --> [scrollToBottom()] --> {}"
[2018-12-14T13:18:36.554] [ERROR] default - "[HomeComponent] --> [scrollToBottom()] --> {}"
[2018-12-14T13:19:35.531] [ERROR] default - "[HomeComponent] --> [scrollToBottom()] --> {}"
[2018-12-14T13:19:35.542] [ERROR] default - "[HomeComponent] --> [scrollToBottom()] --> {}"
[2018-12-14T13:19:35.572] [ERROR] default - "[HomeComponent] --> [scrollToBottom()] --> {}"
[2018-12-14T13:19:42.306] [ERROR] default - "[HomeComponent] --> [scrollToBottom()] --> {}"
[2018-12-14T13:20:22.712] [ERROR] default - "[HomeComponent] --> [scrollToBottom()] --> {}"
[2018-12-14T13:20:36.564] [ERROR] default - "[HomeComponent] --> [scrollToBottom()] --> {}"
[2018-12-14T13:21:35.538] [ERROR] default - "[HomeComponent] --> [scrollToBottom()] --> {}"
[2018-12-14T13:21:35.552] [ERROR] default - "[HomeComponent] --> [scrollToBottom()] --> {}"
[2018-12-14T13:21:35.576] [ERROR] default - "[HomeComponent] --> [scrollToBottom()] --> {}"
[2018-12-14T13:21:42.312] [ERROR] default - "[HomeComponent] --> [scrollToBottom()] --> {}"
[2018-12-14T13:22:22.721] [ERROR] default - "[HomeComponent] --> [scrollToBottom()] --> {}"
[2018-12-14T13:22:36.587] [ERROR] default - "[HomeComponent] --> [scrollToBottom()] --> {}"
[2018-12-14T13:23:35.545] [ERROR] default - "[HomeComponent] --> [scrollToBottom()] --> {}"
[2018-12-14T13:23:35.560] [ERROR] default - "[HomeComponent] --> [scrollToBottom()] --> {}"
[2018-12-14T13:23:35.584] [ERROR] default - "[HomeComponent] --> [scrollToBottom()] --> {}"
[2018-12-14T13:23:42.322] [ERROR] default - "[HomeComponent] --> [scrollToBottom()] --> {}"
[2018-12-14T13:24:22.738] [ERROR] default - "[HomeComponent] --> [scrollToBottom()] --> {}"
[2018-12-14T13:24:36.594] [ERROR] default - "[HomeComponent] --> [scrollToBottom()] --> {}"
[2018-12-14T13:25:35.554] [ERROR] default - "[HomeComponent] --> [scrollToBottom()] --> {}"
[2018-12-14T13:25:35.569] [ERROR] default - "[HomeComponent] --> [scrollToBottom()] --> {}"
[2018-12-14T13:25:35.588] [ERROR] default - "[HomeComponent] --> [scrollToBottom()] --> {}"
[2018-12-14T13:25:42.326] [ERROR] default - "[HomeComponent] --> [scrollToBottom()] --> {}"
[2018-12-14T13:26:22.747] [ERROR] default - "[HomeComponent] --> [scrollToBottom()] --> {}"
[2018-12-14T13:26:36.603] [ERROR] default - "[HomeComponent] --> [scrollToBottom()] --> {}"
[2018-12-14T13:27:35.561] [ERROR] default - "[HomeComponent] --> [scrollToBottom()] --> {}"
[2018-12-14T13:27:35.575] [ERROR] default - "[HomeComponent] --> [scrollToBottom()] --> {}"
[2018-12-14T13:27:35.592] [ERROR] default - "[HomeComponent] --> [scrollToBottom()] --> {}"
[2018-12-14T13:27:42.336] [ERROR] default - "[HomeComponent] --> [scrollToBottom()] --> {}"
[2018-12-14T13:28:22.755] [ERROR] default - "[HomeComponent] --> [scrollToBottom()] --> {}"
[2018-12-14T13:28:36.610] [ERROR] default - "[HomeComponent] --> [scrollToBottom()] --> {}"
[2018-12-14T13:29:35.572] [ERROR] default - "[HomeComponent] --> [scrollToBottom()] --> {}"
[2018-12-14T13:29:35.585] [ERROR] default - "[HomeComponent] --> [scrollToBottom()] --> {}"
[2018-12-14T13:29:35.637] [ERROR] default - "[HomeComponent] --> [scrollToBottom()] --> {}"
[2018-12-14T13:29:42.341] [ERROR] default - "[HomeComponent] --> [scrollToBottom()] --> {}"
[2018-12-14T13:30:22.845] [ERROR] default - "[HomeComponent] --> [scrollToBottom()] --> {}"
[2018-12-14T13:30:36.621] [ERROR] default - "[HomeComponent] --> [scrollToBottom()] --> {}"
[2018-12-14T13:31:35.576] [ERROR] default - "[HomeComponent] --> [scrollToBottom()] --> {}"
[2018-12-14T13:31:35.643] [ERROR] default - "[HomeComponent] --> [scrollToBottom()] --> {}"
[2018-12-14T13:31:35.752] [ERROR] default - "[HomeComponent] --> [scrollToBottom()] --> {}"
[2018-12-14T13:31:42.354] [ERROR] default - "[HomeComponent] --> [scrollToBottom()] --> {}"
[2018-12-14T13:32:22.860] [ERROR] default - "[HomeComponent] --> [scrollToBottom()] --> {}"
[2018-12-14T13:32:36.636] [ERROR] default - "[HomeComponent] --> [scrollToBottom()] --> {}"
[2018-12-14T13:33:35.596] [ERROR] default - "[HomeComponent] --> [scrollToBottom()] --> {}"
[2018-12-14T13:33:35.664] [ERROR] default - "[HomeComponent] --> [scrollToBottom()] --> {}"
[2018-12-14T13:33:35.767] [ERROR] default - "[HomeComponent] --> [scrollToBottom()] --> {}"
[2018-12-14T13:33:42.373] [ERROR] default - "[HomeComponent] --> [scrollToBottom()] --> {}"
[2018-12-14T13:34:22.879] [ERROR] default - "[HomeComponent] --> [scrollToBottom()] --> {}"
[2018-12-14T13:34:36.656] [ERROR] default - "[HomeComponent] --> [scrollToBottom()] --> {}"
[2018-12-14T13:35:35.614] [ERROR] default - "[HomeComponent] --> [scrollToBottom()] --> {}"
[2018-12-14T13:35:35.680] [ERROR] default - "[HomeComponent] --> [scrollToBottom()] --> {}"
[2018-12-14T13:35:35.786] [ERROR] default - "[HomeComponent] --> [scrollToBottom()] --> {}"
[2018-12-14T13:35:42.426] [ERROR] default - "[HomeComponent] --> [scrollToBottom()] --> {}"
[2018-12-14T13:36:22.897] [ERROR] default - "[HomeComponent] --> [scrollToBottom()] --> {}"
[2018-12-14T13:36:36.674] [ERROR] default - "[HomeComponent] --> [scrollToBottom()] --> {}"
[2018-12-14T13:37:35.628] [ERROR] default - "[HomeComponent] --> [scrollToBottom()] --> {}"
[2018-12-14T13:37:35.695] [ERROR] default - "[HomeComponent] --> [scrollToBottom()] --> {}"
[2018-12-14T13:37:35.798] [ERROR] default - "[HomeComponent] --> [scrollToBottom()] --> {}"
[2018-12-14T13:37:42.441] [ERROR] default - "[HomeComponent] --> [scrollToBottom()] --> {}"
[2018-12-14T13:38:22.909] [ERROR] default - "[HomeComponent] --> [scrollToBottom()] --> {}"
[2018-12-14T13:38:36.685] [ERROR] default - "[HomeComponent] --> [scrollToBottom()] --> {}"
[2018-12-14T13:39:35.636] [ERROR] default - "[HomeComponent] --> [scrollToBottom()] --> {}"
[2018-12-14T13:39:35.705] [ERROR] default - "[HomeComponent] --> [scrollToBottom()] --> {}"
[2018-12-14T13:39:35.805] [ERROR] default - "[HomeComponent] --> [scrollToBottom()] --> {}"
[2018-12-14T13:39:42.453] [ERROR] default - "[HomeComponent] --> [scrollToBottom()] --> {}"
[2018-12-14T13:40:22.920] [ERROR] default - "[HomeComponent] --> [scrollToBottom()] --> {}"
[2018-12-14T13:40:36.698] [ERROR] default - "[HomeComponent] --> [scrollToBottom()] --> {}"
[2018-12-14T14:00:24.899] [ERROR] default - "[HomeComponent] --> [scrollToBottom()] --> {}"
[2018-12-14T14:00:24.901] [ERROR] default - "[HomeComponent] --> [scrollToBottom()] --> {}"
[2018-12-14T14:00:24.902] [ERROR] default - "[HomeComponent] --> [scrollToBottom()] --> {}"
[2018-12-14T14:00:24.907] [ERROR] default - "[HomeComponent] --> [scrollToBottom()] --> {}"
[2018-12-14T14:00:24.908] [ERROR] default - "[HomeComponent] --> [scrollToBottom()] --> {}"
[2018-12-14T14:00:24.911] [ERROR] default - "[HomeComponent] --> [scrollToBottom()] --> {}"
[2018-12-14T14:02:24.921] [ERROR] default - "[HomeComponent] --> [scrollToBottom()] --> {}"
[2018-12-14T14:02:24.924] [ERROR] default - "[HomeComponent] --> [scrollToBottom()] --> {}"
[2018-12-14T14:02:24.924] [ERROR] default - "[HomeComponent] --> [scrollToBottom()] --> {}"
[2018-12-14T14:02:24.930] [ERROR] default - "[HomeComponent] --> [scrollToBottom()] --> {}"
[2018-12-14T14:02:24.930] [ERROR] default - "[HomeComponent] --> [scrollToBottom()] --> {}"
[2018-12-14T14:02:24.932] [ERROR] default - "[HomeComponent] --> [scrollToBottom()] --> {}"
[2018-12-14T14:04:24.948] [ERROR] default - "[HomeComponent] --> [scrollToBottom()] --> {}"
[2018-12-14T14:04:24.951] [ERROR] default - "[HomeComponent] --> [scrollToBottom()] --> {}"
[2018-12-14T14:04:24.951] [ERROR] default - "[HomeComponent] --> [scrollToBottom()] --> {}"
[2018-12-14T14:04:24.959] [ERROR] default - "[HomeComponent] --> [scrollToBottom()] --> {}"
[2018-12-14T14:04:24.960] [ERROR] default - "[HomeComponent] --> [scrollToBottom()] --> {}"
[2018-12-14T14:04:24.961] [ERROR] default - "[HomeComponent] --> [scrollToBottom()] --> {}"
[2018-12-14T14:57:58.940] [ERROR] default - "[HomeComponent] --> [scrollToBottom()] --> {}"
[2018-12-14T14:58:07.523] [INFO] default - Ticket Genrated Sucessfully For User11003
[2018-12-14T14:58:46.398] [ERROR] default - "[HomeComponent] --> [scrollToBottom()] --> {}"
[2018-12-14T14:58:46.403] [ERROR] default - "[HomeComponent] --> [scrollToBottom()] --> {}"
[2018-12-14T14:58:46.410] [ERROR] default - "[HomeComponent] --> [scrollToBottom()] --> {}"
[2018-12-14T14:58:46.415] [ERROR] default - "[HomeComponent] --> [scrollToBottom()] --> {}"
[2018-12-14T14:58:46.419] [ERROR] default - "[HomeComponent] --> [scrollToBottom()] --> {}"
[2018-12-14T14:58:47.487] [ERROR] default - "[HomeComponent] --> [scrollToBottom()] --> {}"
[2018-12-14T14:58:52.024] [ERROR] default - "[HomeComponent] --> [scrollToBottom()] --> {}"
[2018-12-14T14:58:53.427] [INFO] default - Ticket Genrated Sucessfully For User11003
[2018-12-14T14:59:08.746] [ERROR] default - "[HomeComponent] --> [scrollToBottom()] --> {}"
[2018-12-14T14:59:12.762] [INFO] default - Ticket Genrated Sucessfully For User11003
[2018-12-14T15:01:08.746] [ERROR] default - "[HomeComponent] --> [scrollToBottom()] --> {}"
[2018-12-14T15:05:52.593] [ERROR] default - "[HomeComponent] --> [scrollToBottom()] --> {}"
[2018-12-14T15:05:56.769] [ERROR] default - "[HomeComponent] --> [scrollToBottom()] --> {}"
[2018-12-14T15:05:56.773] [ERROR] default - "[HomeComponent] --> [scrollToBottom()] --> {}"
[2018-12-14T15:05:56.781] [ERROR] default - "[HomeComponent] --> [scrollToBottom()] --> {}"
[2018-12-14T15:05:58.409] [ERROR] default - "[HomeComponent] --> [scrollToBottom()] --> {}"
[2018-12-14T15:06:00.302] [ERROR] default - "[HomeComponent] --> [scrollToBottom()] --> {}"
[2018-12-14T15:06:37.821] [INFO] default - Generic Server Started
[2018-12-14T15:06:38.874] [INFO] default - =============> Mongo Server Connected Sucessfully <================
[2018-12-14T15:06:47.015] [INFO] default - Ticket Genrated Sucessfully For User11003
[2018-12-14T15:12:12.352] [ERROR] default - "[HomeComponent] --> [scrollToBottom()] --> {}"
[2018-12-14T15:12:14.341] [INFO] default - Ticket Genrated Sucessfully For User11003
[2018-12-14T15:12:55.681] [ERROR] default - "[HomeComponent] --> [scrollToBottom()] --> {}"
[2018-12-14T15:12:58.182] [INFO] default - Ticket Genrated Sucessfully For User11003
[2018-12-14T15:14:55.695] [ERROR] default - "[HomeComponent] --> [scrollToBottom()] --> {}"
[2018-12-14T16:43:45.934] [ERROR] default - "[HomeComponent] --> [scrollToBottom()] --> {}"
[2018-12-14T16:43:47.835] [INFO] default - Ticket Genrated Sucessfully For User11003
[2018-12-14T16:44:36.809] [ERROR] default - "[HomeComponent] --> [scrollToBottom()] --> {}"
[2018-12-14T16:44:36.812] [ERROR] default - "[HomeComponent] --> [scrollToBottom()] --> {}"
[2018-12-14T16:44:36.822] [ERROR] default - "[HomeComponent] --> [scrollToBottom()] --> {}"
[2018-12-14T16:44:38.473] [ERROR] default - "[HomeComponent] --> [scrollToBottom()] --> {}"
[2018-12-14T16:44:44.906] [INFO] default - Ticket Genrated Sucessfully For User11003
[2018-12-14T16:45:08.122] [ERROR] default - "[HomeComponent] --> [scrollToBottom()] --> {}"
[2018-12-14T16:45:10.937] [INFO] default - Ticket Genrated Sucessfully For User11003
[2018-12-14T16:47:08.126] [ERROR] default - "[HomeComponent] --> [scrollToBottom()] --> {}"
[2018-12-14T16:51:04.434] [ERROR] default - "[HomeComponent] --> [scrollToBottom()] --> {}"
[2018-12-14T16:52:31.704] [ERROR] default - "[HomeComponent] --> [scrollToBottom()] --> {}"
[2018-12-14T16:52:37.429] [INFO] default - Ticket Genrated Sucessfully For User11003
[2018-12-14T16:54:31.713] [ERROR] default - "[HomeComponent] --> [scrollToBottom()] --> {}"
[2018-12-14T17:00:37.788] [ERROR] default - "[HomeComponent] --> [scrollToBottom()] --> {}"
[2018-12-14T17:00:40.302] [INFO] default - Ticket Genrated Sucessfully For User11003
[2018-12-14T17:02:37.797] [ERROR] default - "[HomeComponent] --> [scrollToBottom()] --> {}"
[2018-12-14T17:44:30.900] [ERROR] default - "[HomeComponent] --> [scrollToBottom()] --> {}"
[2018-12-14T17:44:32.268] [INFO] default - Ticket Genrated Sucessfully For User11003
[2018-12-14T17:44:52.503] [ERROR] default - "[HomeComponent] --> [scrollToBottom()] --> {}"
[2018-12-14T17:44:55.485] [INFO] default - Ticket Genrated Sucessfully For User11003
[2018-12-14T17:46:52.466] [ERROR] default - "[HomeComponent] --> [scrollToBottom()] --> {}"
